#-----------------------------------------------------------
# Vivado v2020.2 (64-bit)
# SW Build 3064766 on Wed Nov 18 09:12:45 MST 2020
# IP Build 3064653 on Wed Nov 18 14:17:31 MST 2020
# Start of session at: Thu Feb  4 14:58:38 2021
# Process ID: 6512
# Current directory: D:/mig_ddr_fpga/XC7K325T_FFG900i_basic
# Command line: vivado.exe -gui_launcher_event rodinguilauncherevent16648 D:\mig_ddr_fpga\XC7K325T_FFG900i_basic\basic.xpr
# Log file: D:/mig_ddr_fpga/XC7K325T_FFG900i_basic/vivado.log
# Journal file: D:/mig_ddr_fpga/XC7K325T_FFG900i_basic\vivado.jou
#-----------------------------------------------------------
start_gui
open_project D:/mig_ddr_fpga/XC7K325T_FFG900i_basic/basic.xpr
INFO: [Project 1-313] Project file moved from 'D:/mig_ddr_fpga/basic' since last save.
Scanning sources...
Finished scanning sources
INFO: [IP_Flow 19-234] Refreshing IP repositories
INFO: [IP_Flow 19-1704] No user IP repositories specified
INFO: [IP_Flow 19-2313] Loaded Vivado IP repository 'E:/Xilinx/Vivado/2020.2/data/ip'.
open_project: Time (s): cpu = 00:00:23 ; elapsed = 00:00:13 . Memory (MB): peak = 1117.121 ; gain = 0.000
update_compile_order -fileset sources_1
exit
INFO: [Common 17-206] Exiting Vivado at Thu Feb  4 14:59:28 2021...
